<?xml version="1.0" encoding="utf-8"?><testsuites name="pytest tests"><testsuite name="codeflare-sdk" errors="1" failures="0" skipped="0" tests="2" time="184.217" timestamp="2026-08-06T12:01:36.411971+00:00" hostname="cdbac7c01b00"><testcase classname="tests.upgrade.01_raycluster_sdk_upgrade_test.TestMNISTRayClusterApply" name="test_mnist_ray_cluster_sdk_auth" time="38.477" /><testcase classname="tests.upgrade.02_dashboard_ui_upgrade_test.TestDistributedWorkloadsUIPreUpgrade" name="test_verify_cluster_in_distributed_workloads_ui" time="145.566"><error message="failed on setup with &quot;RuntimeError: OAuth login failed or still on the login page. URL: https://oauth-openshift.apps.rray.y5ll.s1.devshift.org/login/htpasswd-cluster-admin?reason=access_denied&amp;then=%2Foauth%2Fauthorize%3Fapproval_prompt%3Dforce%26client_id%3Ddata-science%26idp%3Dhtpasswd-cluster-admin%26redirect_uri%3Dhttps%253A%252F%252Frh-ai.apps.rray.y5ll.s1.devshift.org%252Foauth2%252Fcallback%26response_type%3Dcode%26scope%3Duser%253Afull%26state%3DQWp9a5eo8JTDtg5hpOvgWeYNAIakDJrVLBk4_KsQLKc%253A%252F, title: Login - Red Hat OpenShift Service on AWS&quot;">tests/ui/conftest.py:814: in login_to_dashboard
    raise RuntimeError(
E   RuntimeError: OAuth login failed or still on the login page. URL: https://oauth-openshift.apps.rray.y5ll.s1.devshift.org/login/htpasswd-cluster-admin?reason=access_denied&amp;then=%2Foauth%2Fauthorize%3Fapproval_prompt%3Dforce%26client_id%3Ddata-science%26idp%3Dhtpasswd-cluster-admin%26redirect_uri%3Dhttps%253A%252F%252Frh-ai.apps.rray.y5ll.s1.devshift.org%252Foauth2%252Fcallback%26response_type%3Dcode%26scope%3Duser%253Afull%26state%3DQWp9a5eo8JTDtg5hpOvgWeYNAIakDJrVLBk4_KsQLKc%253A%252F, title: Login - Red Hat OpenShift Service on AWS</error></testcase></testsuite></testsuites>